make --dry-run --always-make --keep-going --print-directory
make: Entering directory '/tmp/libft'
clang -Wall -Wextra -Werror  -I./headers -c ft_strlen.c -o ft_strlen.o
clang -Wall -Wextra -Werror  -I./headers -c ft_strcmp.c -o ft_strcmp.o
clang -Wall -Wextra -Werror  -I./headers -c ft_isalpha.c -o ft_isalpha.o
clang -Wall -Wextra -Werror  -I./headers -c ft_isdigit.c -o ft_isdigit.o
clang -Wall -Wextra -Werror  -I./headers -c ft_isalnum.c -o ft_isalnum.o
clang -Wall -Wextra -Werror  -I./headers -c ft_isascii.c -o ft_isascii.o
clang -Wall -Wextra -Werror  -I./headers -c ft_isprint.c -o ft_isprint.o
clang -Wall -Wextra -Werror  -I./headers -c ft_toupper.c -o ft_toupper.o
clang -Wall -Wextra -Werror  -I./headers -c ft_tolower.c -o ft_tolower.o
clang -Wall -Wextra -Werror  -I./headers -c ft_strchr.c -o ft_strchr.o
clang -Wall -Wextra -Werror  -I./headers -c ft_strrchr.c -o ft_strrchr.o
clang -Wall -Wextra -Werror  -I./headers -c ft_strncmp.c -o ft_strncmp.o
clang -Wall -Wextra -Werror  -I./headers -c ft_memset.c -o ft_memset.o
clang -Wall -Wextra -Werror  -I./headers -c ft_bzero.c -o ft_bzero.o
clang -Wall -Wextra -Werror  -I./headers -c ft_memcpy.c -o ft_memcpy.o
clang -Wall -Wextra -Werror  -I./headers -c ft_memmove.c -o ft_memmove.o
clang -Wall -Wextra -Werror  -I./headers -c ft_strlcpy.c -o ft_strlcpy.o
clang -Wall -Wextra -Werror  -I./headers -c ft_strlcat.c -o ft_strlcat.o
clang -Wall -Wextra -Werror  -I./headers -c ft_memchr.c -o ft_memchr.o
clang -Wall -Wextra -Werror  -I./headers -c ft_memcmp.c -o ft_memcmp.o
clang -Wall -Wextra -Werror  -I./headers -c ft_strnstr.c -o ft_strnstr.o
clang -Wall -Wextra -Werror  -I./headers -c ft_atoi.c -o ft_atoi.o
clang -Wall -Wextra -Werror  -I./headers -c ft_ischarset.c -o ft_ischarset.o
clang -Wall -Wextra -Werror  -I./headers -c ft_calloc.c -o ft_calloc.o
clang -Wall -Wextra -Werror  -I./headers -c ft_strdup.c -o ft_strdup.o
clang -Wall -Wextra -Werror  -I./headers -c ft_substr.c -o ft_substr.o
clang -Wall -Wextra -Werror  -I./headers -c ft_strjoin.c -o ft_strjoin.o
clang -Wall -Wextra -Werror  -I./headers -c ft_strtrim.c -o ft_strtrim.o
clang -Wall -Wextra -Werror  -I./headers -c ft_chartostr.c -o ft_chartostr.o
clang -Wall -Wextra -Werror  -I./headers -c ft_skipcharset.c -o ft_skipcharset.o
clang -Wall -Wextra -Werror  -I./headers -c ft_skipnoncharset.c -o ft_skipnoncharset.o
clang -Wall -Wextra -Werror  -I./headers -c ft_tabdel.c -o ft_tabdel.o
clang -Wall -Wextra -Werror  -I./headers -c ft_memdel.c -o ft_memdel.o
clang -Wall -Wextra -Werror  -I./headers -c ft_split.c -o ft_split.o
clang -Wall -Wextra -Werror  -I./headers -c ft_itoa.c -o ft_itoa.o
clang -Wall -Wextra -Werror  -I./headers -c ft_strmapi.c -o ft_strmapi.o
clang -Wall -Wextra -Werror  -I./headers -c ft_striteri.c -o ft_striteri.o
clang -Wall -Wextra -Werror  -I./headers -c ft_putchar_fd.c -o ft_putchar_fd.o
clang -Wall -Wextra -Werror  -I./headers -c ft_putstr_fd.c -o ft_putstr_fd.o
clang -Wall -Wextra -Werror  -I./headers -c ft_putendl_fd.c -o ft_putendl_fd.o
clang -Wall -Wextra -Werror  -I./headers -c ft_putnbr_fd.c -o ft_putnbr_fd.o
ar rc libft.a ./ft_strlen.o ./ft_strcmp.o ./ft_isalpha.o ./ft_isdigit.o ./ft_isalnum.o ./ft_isascii.o ./ft_isprint.o ./ft_toupper.o ./ft_tolower.o ./ft_strchr.o ./ft_strrchr.o ./ft_strncmp.o ./ft_memset.o ./ft_bzero.o ./ft_memcpy.o ./ft_memmove.o ./ft_strlcpy.o ./ft_strlcat.o ./ft_memchr.o ./ft_memcmp.o ./ft_strnstr.o ./ft_atoi.o ./ft_ischarset.o ./ft_calloc.o ./ft_strdup.o ./ft_substr.o ./ft_strjoin.o ./ft_strtrim.o ./ft_chartostr.o ./ft_skipcharset.o ./ft_skipnoncharset.o ./ft_tabdel.o ./ft_memdel.o ./ft_split.o ./ft_itoa.o ./ft_strmapi.o ./ft_striteri.o ./ft_putchar_fd.o ./ft_putstr_fd.o ./ft_putendl_fd.o ./ft_putnbr_fd.o
ranlib libft.a
make: Leaving directory '/tmp/libft'
 
